<?xml version="1.0" encoding="UTF-8"?>
<testng-results skipped="0" failed="0" ignored="0" total="5" passed="5">
  <reporter-output>
  </reporter-output>
  <suite name="Default suite" duration-ms="12622" started-at="2019-01-30T08:46:07Z" finished-at="2019-01-30T08:46:20Z">
    <groups>
    </groups>
    <test name="Default test" duration-ms="12622" started-at="2019-01-30T08:46:07Z" finished-at="2019-01-30T08:46:20Z">
      <class name="CalculatorTest">
        <test-method status="PASS" signature="setup()[pri:0, instance:CalculatorTest@612679d6]" name="setup" is-config="true" duration-ms="1657" started-at="2019-01-30T08:46:07Z" finished-at="2019-01-30T08:46:09Z">
          <reporter-output>
          </reporter-output>
        </test-method> <!-- setup -->
        <test-method status="PASS" signature="Addition()[pri:0, instance:CalculatorTest@612679d6]" name="Addition" duration-ms="1271" started-at="2019-01-30T08:46:09Z" finished-at="2019-01-30T08:46:10Z">
          <reporter-output>
          </reporter-output>
        </test-method> <!-- Addition -->
        <test-method status="PASS" signature="Combination()[pri:0, instance:CalculatorTest@612679d6]" name="Combination" duration-ms="3165" started-at="2019-01-30T08:46:10Z" finished-at="2019-01-30T08:46:13Z">
          <reporter-output>
          </reporter-output>
        </test-method> <!-- Combination -->
        <test-method status="PASS" signature="Division()[pri:0, instance:CalculatorTest@612679d6]" name="Division" duration-ms="3590" started-at="2019-01-30T08:46:13Z" finished-at="2019-01-30T08:46:17Z">
          <reporter-output>
          </reporter-output>
        </test-method> <!-- Division -->
        <test-method status="PASS" signature="Multiplication()[pri:0, instance:CalculatorTest@612679d6]" name="Multiplication" duration-ms="1401" started-at="2019-01-30T08:46:17Z" finished-at="2019-01-30T08:46:18Z">
          <reporter-output>
          </reporter-output>
        </test-method> <!-- Multiplication -->
        <test-method status="PASS" signature="Subtraction()[pri:0, instance:CalculatorTest@612679d6]" name="Subtraction" duration-ms="1458" started-at="2019-01-30T08:46:18Z" finished-at="2019-01-30T08:46:20Z">
          <reporter-output>
          </reporter-output>
        </test-method> <!-- Subtraction -->
        <test-method status="PASS" signature="TearDown()[pri:0, instance:CalculatorTest@612679d6]" name="TearDown" is-config="true" duration-ms="33" started-at="2019-01-30T08:46:20Z" finished-at="2019-01-30T08:46:20Z">
          <reporter-output>
          </reporter-output>
        </test-method> <!-- TearDown -->
      </class> <!-- CalculatorTest -->
    </test> <!-- Default test -->
  </suite> <!-- Default suite -->
</testng-results>
