<?xml version="1.0" encoding="UTF-8"?>
<!-- Generated by org.testng.reporters.JUnitXMLReporter -->
<testsuite hostname="LAPTOP-J0378V4D" ignored="0" tests="5" failures="0" timestamp="30 Jan 2019 14:40:10 GMT" time="27.398" errors="0">
  <testcase name="Addition" time="3.27" classname="CalculatorTest"/>
  <testcase name="Combination" time="7.826" classname="CalculatorTest"/>
  <testcase name="Division" time="6.194" classname="CalculatorTest"/>
  <testcase name="Multiplication" time="3.593" classname="CalculatorTest"/>
  <testcase name="Subtraction" time="3.682" classname="CalculatorTest"/>
</testsuite>
