<?xml version="1.0" encoding="UTF-8"?>
<!-- Generated by org.testng.reporters.JUnitXMLReporter -->
<testsuite hostname="LAPTOP-J0378V4D" ignored="0" tests="5" failures="0" timestamp="06 Feb 2019 14:42:47 GMT" time="11.237" errors="0">
  <testcase name="Addition" time="1.238" classname="CalculatorTest"/>
  <testcase name="Combination" time="2.753" classname="CalculatorTest"/>
  <testcase name="Division" time="2.94" classname="CalculatorTest"/>
  <testcase name="Multiplication" time="1.237" classname="CalculatorTest"/>
  <testcase name="Subtraction" time="1.231" classname="CalculatorTest"/>
</testsuite>
