<?xml version="1.0" encoding="UTF-8"?>
<!-- Generated by org.testng.reporters.JUnitXMLReporter -->
<testsuite hostname="LAPTOP-J0378V4D" ignored="0" tests="5" failures="0" timestamp="29 Jan 2019 12:10:36 GMT" time="13.122" errors="0">
  <testcase name="Addition" time="1.415" classname="CalculatorTest"/>
  <testcase name="Combination" time="3.632" classname="CalculatorTest"/>
  <testcase name="Division" time="4.052" classname="CalculatorTest"/>
  <testcase name="Multiplication" time="1.414" classname="CalculatorTest"/>
  <testcase name="Subtraction" time="1.506" classname="CalculatorTest"/>
</testsuite>
