<?xml version="1.0" encoding="UTF-8"?>
<testng-results skipped="0" failed="0" ignored="0" total="1" passed="1">
  <reporter-output>
  </reporter-output>
  <suite name="Default suite" duration-ms="2782" started-at="2019-02-07T20:25:02Z" finished-at="2019-02-07T20:25:04Z">
    <groups>
    </groups>
    <test name="Default test" duration-ms="2782" started-at="2019-02-07T20:25:02Z" finished-at="2019-02-07T20:25:04Z">
      <class name="WindowsTest.CalculatorTest">
        <test-method status="PASS" signature="addition()[pri:0, instance:WindowsTest.CalculatorTest@7a3d45bd]" name="addition" duration-ms="2757" started-at="2019-02-07T20:25:02Z" finished-at="2019-02-07T20:25:04Z">
          <reporter-output>
          </reporter-output>
        </test-method> <!-- addition -->
      </class> <!-- WindowsTest.CalculatorTest -->
    </test> <!-- Default test -->
  </suite> <!-- Default suite -->
</testng-results>
